<?xml version="1.0" encoding="UTF-8"?>
<!-- Generated by org.testng.reporters.JUnitXMLReporter -->
<testsuite ignored="2" hostname="DESKTOP-6DMDAAC" failures="0" tests="1" name="Default test" time="27.101" errors="0" timestamp="2023-11-09T12:35:25 IST">
  <testcase classname="TestCase.Tests" name="TC003" time="1.863"/>
  <testcase classname="TestCase.Tests" name="TC002" time="0.0">
    <ignored/>
  </testcase> <!-- TC002 -->
  <testcase classname="TestCase.Tests" name="TC001" time="0.0">
    <ignored/>
  </testcase> <!-- TC001 -->
</testsuite> <!-- Default test -->
