<?xml version="1.0" encoding="UTF-8"?>
<testng-results ignored="2" total="3" passed="1" failed="0" skipped="0">
  <reporter-output>
  </reporter-output>
  <suite started-at="2023-11-09T12:34:58 IST" name="Default suite" finished-at="2023-11-09T12:35:25 IST" duration-ms="27101">
    <groups>
    </groups>
    <test started-at="2023-11-09T12:34:58 IST" name="Default test" finished-at="2023-11-09T12:35:25 IST" duration-ms="27101">
      <class name="TestCase.Tests">
        <test-method is-config="true" signature="setUpSuite()[pri:0, instance:TestCase.Tests@145f66e3]" started-at="2023-11-09T12:34:58 IST" name="setUpSuite" finished-at="2023-11-09T12:34:58 IST" duration-ms="13" status="PASS">
          <reporter-output>
          </reporter-output>
        </test-method> <!-- setUpSuite -->
        <test-method is-config="true" signature="StartApplication()[pri:0, instance:TestCase.Tests@145f66e3]" started-at="2023-11-09T12:34:58 IST" name="StartApplication" finished-at="2023-11-09T12:35:20 IST" duration-ms="22620" status="PASS">
          <reporter-output>
          </reporter-output>
        </test-method> <!-- StartApplication -->
        <test-method signature="TC003()[pri:0, instance:TestCase.Tests@145f66e3]" started-at="2023-11-09T12:35:20 IST" name="TC003" finished-at="2023-11-09T12:35:22 IST" duration-ms="1863" status="PASS">
          <reporter-output>
          </reporter-output>
        </test-method> <!-- TC003 -->
        <test-method is-config="true" signature="closeBrowser()[pri:0, instance:TestCase.Tests@145f66e3]" started-at="2023-11-09T12:35:22 IST" name="closeBrowser" finished-at="2023-11-09T12:35:25 IST" duration-ms="2564" status="PASS">
          <reporter-output>
          </reporter-output>
        </test-method> <!-- closeBrowser -->
      </class> <!-- TestCase.Tests -->
    </test> <!-- Default test -->
  </suite> <!-- Default suite -->
</testng-results>
